<?xml version="1.0" encoding="UTF-8"?>
<!-- Generated by org.testng.reporters.JUnitReportReporter -->
<testsuite hostname="LAPTOP-CPNPGO56" failures="0" tests="1" name="com.peony22A.ProductTest" time="25.406" errors="0" timestamp="2023-04-07T12:10:03 IST" skipped="0">
  <testcase classname="com.peony22A.ProductTest" name="verifySearchResultForWatchUnder999" time="25.406"/>
  <system-out/>
</testsuite> <!-- com.peony22A.ProductTest -->
